                                      1 ;--------------------------------------------------------
                                      2 ; File Created by SDCC : free open source ISO C Compiler 
                                      3 ; Version 4.4.0 #14620 (MINGW32)
                                      4 ;--------------------------------------------------------
                                      5 	.module spi
                                      6 	.optsdcc -mmcs51 --model-large
                                      7 	
                                      8 ;--------------------------------------------------------
                                      9 ; Public variables in this module
                                     10 ;--------------------------------------------------------
                                     11 	.globl _P5_7
                                     12 	.globl _P5_6
                                     13 	.globl _P5_5
                                     14 	.globl _P5_4
                                     15 	.globl _P5_3
                                     16 	.globl _P5_2
                                     17 	.globl _P5_1
                                     18 	.globl _P5_0
                                     19 	.globl _P4_7
                                     20 	.globl _P4_6
                                     21 	.globl _P4_5
                                     22 	.globl _P4_4
                                     23 	.globl _P4_3
                                     24 	.globl _P4_2
                                     25 	.globl _P4_1
                                     26 	.globl _P4_0
                                     27 	.globl _PX0L
                                     28 	.globl _PT0L
                                     29 	.globl _PX1L
                                     30 	.globl _PT1L
                                     31 	.globl _PSL
                                     32 	.globl _PT2L
                                     33 	.globl _PPCL
                                     34 	.globl _EC
                                     35 	.globl _CCF0
                                     36 	.globl _CCF1
                                     37 	.globl _CCF2
                                     38 	.globl _CCF3
                                     39 	.globl _CCF4
                                     40 	.globl _CR
                                     41 	.globl _CF
                                     42 	.globl _TF2
                                     43 	.globl _EXF2
                                     44 	.globl _RCLK
                                     45 	.globl _TCLK
                                     46 	.globl _EXEN2
                                     47 	.globl _TR2
                                     48 	.globl _C_T2
                                     49 	.globl _CP_RL2
                                     50 	.globl _T2CON_7
                                     51 	.globl _T2CON_6
                                     52 	.globl _T2CON_5
                                     53 	.globl _T2CON_4
                                     54 	.globl _T2CON_3
                                     55 	.globl _T2CON_2
                                     56 	.globl _T2CON_1
                                     57 	.globl _T2CON_0
                                     58 	.globl _PT2
                                     59 	.globl _ET2
                                     60 	.globl _CY
                                     61 	.globl _AC
                                     62 	.globl _F0
                                     63 	.globl _RS1
                                     64 	.globl _RS0
                                     65 	.globl _OV
                                     66 	.globl _F1
                                     67 	.globl _P
                                     68 	.globl _PS
                                     69 	.globl _PT1
                                     70 	.globl _PX1
                                     71 	.globl _PT0
                                     72 	.globl _PX0
                                     73 	.globl _RD
                                     74 	.globl _WR
                                     75 	.globl _T1
                                     76 	.globl _T0
                                     77 	.globl _INT1
                                     78 	.globl _INT0
                                     79 	.globl _TXD
                                     80 	.globl _RXD
                                     81 	.globl _P3_7
                                     82 	.globl _P3_6
                                     83 	.globl _P3_5
                                     84 	.globl _P3_4
                                     85 	.globl _P3_3
                                     86 	.globl _P3_2
                                     87 	.globl _P3_1
                                     88 	.globl _P3_0
                                     89 	.globl _EA
                                     90 	.globl _ES
                                     91 	.globl _ET1
                                     92 	.globl _EX1
                                     93 	.globl _ET0
                                     94 	.globl _EX0
                                     95 	.globl _P2_7
                                     96 	.globl _P2_6
                                     97 	.globl _P2_5
                                     98 	.globl _P2_4
                                     99 	.globl _P2_3
                                    100 	.globl _P2_2
                                    101 	.globl _P2_1
                                    102 	.globl _P2_0
                                    103 	.globl _SM0
                                    104 	.globl _SM1
                                    105 	.globl _SM2
                                    106 	.globl _REN
                                    107 	.globl _TB8
                                    108 	.globl _RB8
                                    109 	.globl _TI
                                    110 	.globl _RI
                                    111 	.globl _P1_7
                                    112 	.globl _P1_6
                                    113 	.globl _P1_5
                                    114 	.globl _P1_4
                                    115 	.globl _P1_3
                                    116 	.globl _P1_2
                                    117 	.globl _P1_1
                                    118 	.globl _P1_0
                                    119 	.globl _TF1
                                    120 	.globl _TR1
                                    121 	.globl _TF0
                                    122 	.globl _TR0
                                    123 	.globl _IE1
                                    124 	.globl _IT1
                                    125 	.globl _IE0
                                    126 	.globl _IT0
                                    127 	.globl _P0_7
                                    128 	.globl _P0_6
                                    129 	.globl _P0_5
                                    130 	.globl _P0_4
                                    131 	.globl _P0_3
                                    132 	.globl _P0_2
                                    133 	.globl _P0_1
                                    134 	.globl _P0_0
                                    135 	.globl _EECON
                                    136 	.globl _KBF
                                    137 	.globl _KBE
                                    138 	.globl _KBLS
                                    139 	.globl _BRL
                                    140 	.globl _BDRCON
                                    141 	.globl _T2MOD
                                    142 	.globl _SPDAT
                                    143 	.globl _SPSTA
                                    144 	.globl _SPCON
                                    145 	.globl _SADEN
                                    146 	.globl _SADDR
                                    147 	.globl _WDTPRG
                                    148 	.globl _WDTRST
                                    149 	.globl _P5
                                    150 	.globl _P4
                                    151 	.globl _IPH1
                                    152 	.globl _IPL1
                                    153 	.globl _IPH0
                                    154 	.globl _IPL0
                                    155 	.globl _IEN1
                                    156 	.globl _IEN0
                                    157 	.globl _CMOD
                                    158 	.globl _CL
                                    159 	.globl _CH
                                    160 	.globl _CCON
                                    161 	.globl _CCAPM4
                                    162 	.globl _CCAPM3
                                    163 	.globl _CCAPM2
                                    164 	.globl _CCAPM1
                                    165 	.globl _CCAPM0
                                    166 	.globl _CCAP4L
                                    167 	.globl _CCAP3L
                                    168 	.globl _CCAP2L
                                    169 	.globl _CCAP1L
                                    170 	.globl _CCAP0L
                                    171 	.globl _CCAP4H
                                    172 	.globl _CCAP3H
                                    173 	.globl _CCAP2H
                                    174 	.globl _CCAP1H
                                    175 	.globl _CCAP0H
                                    176 	.globl _CKCON1
                                    177 	.globl _CKCON0
                                    178 	.globl _CKRL
                                    179 	.globl _AUXR1
                                    180 	.globl _AUXR
                                    181 	.globl _TH2
                                    182 	.globl _TL2
                                    183 	.globl _RCAP2H
                                    184 	.globl _RCAP2L
                                    185 	.globl _T2CON
                                    186 	.globl _B
                                    187 	.globl _ACC
                                    188 	.globl _PSW
                                    189 	.globl _IP
                                    190 	.globl _P3
                                    191 	.globl _IE
                                    192 	.globl _P2
                                    193 	.globl _SBUF
                                    194 	.globl _SCON
                                    195 	.globl _P1
                                    196 	.globl _TH1
                                    197 	.globl _TH0
                                    198 	.globl _TL1
                                    199 	.globl _TL0
                                    200 	.globl _TMOD
                                    201 	.globl _TCON
                                    202 	.globl _PCON
                                    203 	.globl _DPH
                                    204 	.globl _DPL
                                    205 	.globl _SP
                                    206 	.globl _P0
                                    207 	.globl _SPI_Init
                                    208 	.globl _SPI_WriteByte
                                    209 	.globl _SPI_ReadByte
                                    210 ;--------------------------------------------------------
                                    211 ; special function registers
                                    212 ;--------------------------------------------------------
                                    213 	.area RSEG    (ABS,DATA)
      000000                        214 	.org 0x0000
                           000080   215 _P0	=	0x0080
                           000081   216 _SP	=	0x0081
                           000082   217 _DPL	=	0x0082
                           000083   218 _DPH	=	0x0083
                           000087   219 _PCON	=	0x0087
                           000088   220 _TCON	=	0x0088
                           000089   221 _TMOD	=	0x0089
                           00008A   222 _TL0	=	0x008a
                           00008B   223 _TL1	=	0x008b
                           00008C   224 _TH0	=	0x008c
                           00008D   225 _TH1	=	0x008d
                           000090   226 _P1	=	0x0090
                           000098   227 _SCON	=	0x0098
                           000099   228 _SBUF	=	0x0099
                           0000A0   229 _P2	=	0x00a0
                           0000A8   230 _IE	=	0x00a8
                           0000B0   231 _P3	=	0x00b0
                           0000B8   232 _IP	=	0x00b8
                           0000D0   233 _PSW	=	0x00d0
                           0000E0   234 _ACC	=	0x00e0
                           0000F0   235 _B	=	0x00f0
                           0000C8   236 _T2CON	=	0x00c8
                           0000CA   237 _RCAP2L	=	0x00ca
                           0000CB   238 _RCAP2H	=	0x00cb
                           0000CC   239 _TL2	=	0x00cc
                           0000CD   240 _TH2	=	0x00cd
                           00008E   241 _AUXR	=	0x008e
                           0000A2   242 _AUXR1	=	0x00a2
                           000097   243 _CKRL	=	0x0097
                           00008F   244 _CKCON0	=	0x008f
                           0000AF   245 _CKCON1	=	0x00af
                           0000FA   246 _CCAP0H	=	0x00fa
                           0000FB   247 _CCAP1H	=	0x00fb
                           0000FC   248 _CCAP2H	=	0x00fc
                           0000FD   249 _CCAP3H	=	0x00fd
                           0000FE   250 _CCAP4H	=	0x00fe
                           0000EA   251 _CCAP0L	=	0x00ea
                           0000EB   252 _CCAP1L	=	0x00eb
                           0000EC   253 _CCAP2L	=	0x00ec
                           0000ED   254 _CCAP3L	=	0x00ed
                           0000EE   255 _CCAP4L	=	0x00ee
                           0000DA   256 _CCAPM0	=	0x00da
                           0000DB   257 _CCAPM1	=	0x00db
                           0000DC   258 _CCAPM2	=	0x00dc
                           0000DD   259 _CCAPM3	=	0x00dd
                           0000DE   260 _CCAPM4	=	0x00de
                           0000D8   261 _CCON	=	0x00d8
                           0000F9   262 _CH	=	0x00f9
                           0000E9   263 _CL	=	0x00e9
                           0000D9   264 _CMOD	=	0x00d9
                           0000A8   265 _IEN0	=	0x00a8
                           0000B1   266 _IEN1	=	0x00b1
                           0000B8   267 _IPL0	=	0x00b8
                           0000B7   268 _IPH0	=	0x00b7
                           0000B2   269 _IPL1	=	0x00b2
                           0000B3   270 _IPH1	=	0x00b3
                           0000C0   271 _P4	=	0x00c0
                           0000E8   272 _P5	=	0x00e8
                           0000A6   273 _WDTRST	=	0x00a6
                           0000A7   274 _WDTPRG	=	0x00a7
                           0000A9   275 _SADDR	=	0x00a9
                           0000B9   276 _SADEN	=	0x00b9
                           0000C3   277 _SPCON	=	0x00c3
                           0000C4   278 _SPSTA	=	0x00c4
                           0000C5   279 _SPDAT	=	0x00c5
                           0000C9   280 _T2MOD	=	0x00c9
                           00009B   281 _BDRCON	=	0x009b
                           00009A   282 _BRL	=	0x009a
                           00009C   283 _KBLS	=	0x009c
                           00009D   284 _KBE	=	0x009d
                           00009E   285 _KBF	=	0x009e
                           0000D2   286 _EECON	=	0x00d2
                                    287 ;--------------------------------------------------------
                                    288 ; special function bits
                                    289 ;--------------------------------------------------------
                                    290 	.area RSEG    (ABS,DATA)
      000000                        291 	.org 0x0000
                           000080   292 _P0_0	=	0x0080
                           000081   293 _P0_1	=	0x0081
                           000082   294 _P0_2	=	0x0082
                           000083   295 _P0_3	=	0x0083
                           000084   296 _P0_4	=	0x0084
                           000085   297 _P0_5	=	0x0085
                           000086   298 _P0_6	=	0x0086
                           000087   299 _P0_7	=	0x0087
                           000088   300 _IT0	=	0x0088
                           000089   301 _IE0	=	0x0089
                           00008A   302 _IT1	=	0x008a
                           00008B   303 _IE1	=	0x008b
                           00008C   304 _TR0	=	0x008c
                           00008D   305 _TF0	=	0x008d
                           00008E   306 _TR1	=	0x008e
                           00008F   307 _TF1	=	0x008f
                           000090   308 _P1_0	=	0x0090
                           000091   309 _P1_1	=	0x0091
                           000092   310 _P1_2	=	0x0092
                           000093   311 _P1_3	=	0x0093
                           000094   312 _P1_4	=	0x0094
                           000095   313 _P1_5	=	0x0095
                           000096   314 _P1_6	=	0x0096
                           000097   315 _P1_7	=	0x0097
                           000098   316 _RI	=	0x0098
                           000099   317 _TI	=	0x0099
                           00009A   318 _RB8	=	0x009a
                           00009B   319 _TB8	=	0x009b
                           00009C   320 _REN	=	0x009c
                           00009D   321 _SM2	=	0x009d
                           00009E   322 _SM1	=	0x009e
                           00009F   323 _SM0	=	0x009f
                           0000A0   324 _P2_0	=	0x00a0
                           0000A1   325 _P2_1	=	0x00a1
                           0000A2   326 _P2_2	=	0x00a2
                           0000A3   327 _P2_3	=	0x00a3
                           0000A4   328 _P2_4	=	0x00a4
                           0000A5   329 _P2_5	=	0x00a5
                           0000A6   330 _P2_6	=	0x00a6
                           0000A7   331 _P2_7	=	0x00a7
                           0000A8   332 _EX0	=	0x00a8
                           0000A9   333 _ET0	=	0x00a9
                           0000AA   334 _EX1	=	0x00aa
                           0000AB   335 _ET1	=	0x00ab
                           0000AC   336 _ES	=	0x00ac
                           0000AF   337 _EA	=	0x00af
                           0000B0   338 _P3_0	=	0x00b0
                           0000B1   339 _P3_1	=	0x00b1
                           0000B2   340 _P3_2	=	0x00b2
                           0000B3   341 _P3_3	=	0x00b3
                           0000B4   342 _P3_4	=	0x00b4
                           0000B5   343 _P3_5	=	0x00b5
                           0000B6   344 _P3_6	=	0x00b6
                           0000B7   345 _P3_7	=	0x00b7
                           0000B0   346 _RXD	=	0x00b0
                           0000B1   347 _TXD	=	0x00b1
                           0000B2   348 _INT0	=	0x00b2
                           0000B3   349 _INT1	=	0x00b3
                           0000B4   350 _T0	=	0x00b4
                           0000B5   351 _T1	=	0x00b5
                           0000B6   352 _WR	=	0x00b6
                           0000B7   353 _RD	=	0x00b7
                           0000B8   354 _PX0	=	0x00b8
                           0000B9   355 _PT0	=	0x00b9
                           0000BA   356 _PX1	=	0x00ba
                           0000BB   357 _PT1	=	0x00bb
                           0000BC   358 _PS	=	0x00bc
                           0000D0   359 _P	=	0x00d0
                           0000D1   360 _F1	=	0x00d1
                           0000D2   361 _OV	=	0x00d2
                           0000D3   362 _RS0	=	0x00d3
                           0000D4   363 _RS1	=	0x00d4
                           0000D5   364 _F0	=	0x00d5
                           0000D6   365 _AC	=	0x00d6
                           0000D7   366 _CY	=	0x00d7
                           0000AD   367 _ET2	=	0x00ad
                           0000BD   368 _PT2	=	0x00bd
                           0000C8   369 _T2CON_0	=	0x00c8
                           0000C9   370 _T2CON_1	=	0x00c9
                           0000CA   371 _T2CON_2	=	0x00ca
                           0000CB   372 _T2CON_3	=	0x00cb
                           0000CC   373 _T2CON_4	=	0x00cc
                           0000CD   374 _T2CON_5	=	0x00cd
                           0000CE   375 _T2CON_6	=	0x00ce
                           0000CF   376 _T2CON_7	=	0x00cf
                           0000C8   377 _CP_RL2	=	0x00c8
                           0000C9   378 _C_T2	=	0x00c9
                           0000CA   379 _TR2	=	0x00ca
                           0000CB   380 _EXEN2	=	0x00cb
                           0000CC   381 _TCLK	=	0x00cc
                           0000CD   382 _RCLK	=	0x00cd
                           0000CE   383 _EXF2	=	0x00ce
                           0000CF   384 _TF2	=	0x00cf
                           0000DF   385 _CF	=	0x00df
                           0000DE   386 _CR	=	0x00de
                           0000DC   387 _CCF4	=	0x00dc
                           0000DB   388 _CCF3	=	0x00db
                           0000DA   389 _CCF2	=	0x00da
                           0000D9   390 _CCF1	=	0x00d9
                           0000D8   391 _CCF0	=	0x00d8
                           0000AE   392 _EC	=	0x00ae
                           0000BE   393 _PPCL	=	0x00be
                           0000BD   394 _PT2L	=	0x00bd
                           0000BC   395 _PSL	=	0x00bc
                           0000BB   396 _PT1L	=	0x00bb
                           0000BA   397 _PX1L	=	0x00ba
                           0000B9   398 _PT0L	=	0x00b9
                           0000B8   399 _PX0L	=	0x00b8
                           0000C0   400 _P4_0	=	0x00c0
                           0000C1   401 _P4_1	=	0x00c1
                           0000C2   402 _P4_2	=	0x00c2
                           0000C3   403 _P4_3	=	0x00c3
                           0000C4   404 _P4_4	=	0x00c4
                           0000C5   405 _P4_5	=	0x00c5
                           0000C6   406 _P4_6	=	0x00c6
                           0000C7   407 _P4_7	=	0x00c7
                           0000E8   408 _P5_0	=	0x00e8
                           0000E9   409 _P5_1	=	0x00e9
                           0000EA   410 _P5_2	=	0x00ea
                           0000EB   411 _P5_3	=	0x00eb
                           0000EC   412 _P5_4	=	0x00ec
                           0000ED   413 _P5_5	=	0x00ed
                           0000EE   414 _P5_6	=	0x00ee
                           0000EF   415 _P5_7	=	0x00ef
                                    416 ;--------------------------------------------------------
                                    417 ; overlayable register banks
                                    418 ;--------------------------------------------------------
                                    419 	.area REG_BANK_0	(REL,OVR,DATA)
      000000                        420 	.ds 8
                                    421 ;--------------------------------------------------------
                                    422 ; internal ram data
                                    423 ;--------------------------------------------------------
                                    424 	.area DSEG    (DATA)
                                    425 ;--------------------------------------------------------
                                    426 ; overlayable items in internal ram
                                    427 ;--------------------------------------------------------
                                    428 ;--------------------------------------------------------
                                    429 ; indirectly addressable internal ram data
                                    430 ;--------------------------------------------------------
                                    431 	.area ISEG    (DATA)
                                    432 ;--------------------------------------------------------
                                    433 ; absolute internal ram data
                                    434 ;--------------------------------------------------------
                                    435 	.area IABS    (ABS,DATA)
                                    436 	.area IABS    (ABS,DATA)
                                    437 ;--------------------------------------------------------
                                    438 ; bit data
                                    439 ;--------------------------------------------------------
                                    440 	.area BSEG    (BIT)
                                    441 ;--------------------------------------------------------
                                    442 ; paged external ram data
                                    443 ;--------------------------------------------------------
                                    444 	.area PSEG    (PAG,XDATA)
                                    445 ;--------------------------------------------------------
                                    446 ; uninitialized external ram data
                                    447 ;--------------------------------------------------------
                                    448 	.area XSEG    (XDATA)
      000000                        449 _SPI_WriteByte_data_10000_84:
      000000                        450 	.ds 1
      000001                        451 _SPI_ReadByte_received_data_10000_87:
      000001                        452 	.ds 1
                                    453 ;--------------------------------------------------------
                                    454 ; absolute external ram data
                                    455 ;--------------------------------------------------------
                                    456 	.area XABS    (ABS,XDATA)
                                    457 ;--------------------------------------------------------
                                    458 ; initialized external ram data
                                    459 ;--------------------------------------------------------
                                    460 	.area XISEG   (XDATA)
                                    461 	.area HOME    (CODE)
                                    462 	.area GSINIT0 (CODE)
                                    463 	.area GSINIT1 (CODE)
                                    464 	.area GSINIT2 (CODE)
                                    465 	.area GSINIT3 (CODE)
                                    466 	.area GSINIT4 (CODE)
                                    467 	.area GSINIT5 (CODE)
                                    468 	.area GSINIT  (CODE)
                                    469 	.area GSFINAL (CODE)
                                    470 	.area CSEG    (CODE)
                                    471 ;--------------------------------------------------------
                                    472 ; global & static initialisations
                                    473 ;--------------------------------------------------------
                                    474 	.area HOME    (CODE)
                                    475 	.area GSINIT  (CODE)
                                    476 	.area GSFINAL (CODE)
                                    477 	.area GSINIT  (CODE)
                                    478 ;--------------------------------------------------------
                                    479 ; Home
                                    480 ;--------------------------------------------------------
                                    481 	.area HOME    (CODE)
                                    482 	.area HOME    (CODE)
                                    483 ;--------------------------------------------------------
                                    484 ; code
                                    485 ;--------------------------------------------------------
                                    486 	.area CSEG    (CODE)
                                    487 ;------------------------------------------------------------
                                    488 ;Allocation info for local variables in function 'SPI_Init'
                                    489 ;------------------------------------------------------------
                                    490 ;	spi.c:16: void SPI_Init(void) {
                                    491 ;	-----------------------------------------
                                    492 ;	 function SPI_Init
                                    493 ;	-----------------------------------------
      000000                        494 _SPI_Init:
                           000007   495 	ar7 = 0x07
                           000006   496 	ar6 = 0x06
                           000005   497 	ar5 = 0x05
                           000004   498 	ar4 = 0x04
                           000003   499 	ar3 = 0x03
                           000002   500 	ar2 = 0x02
                           000001   501 	ar1 = 0x01
                           000000   502 	ar0 = 0x00
                                    503 ;	spi.c:17: CS_PIN = 1;
                                    504 ;	assignBit
      000000 D2 91            [12]  505 	setb	_P1_1
                                    506 ;	spi.c:18: SPCON = 0x00;
      000002 75 C3 00         [24]  507 	mov	_SPCON,#0x00
                                    508 ;	spi.c:19: SPCON |= SS_DISABLE;
      000005 43 C3 20         [24]  509 	orl	_SPCON,#0x20
                                    510 ;	spi.c:20: SPCON |= MASTER_MODE;
      000008 43 C3 10         [24]  511 	orl	_SPCON,#0x10
                                    512 ;	spi.c:21: SPCON |= SPI_ENABLE;
      00000B 43 C3 40         [24]  513 	orl	_SPCON,#0x40
                                    514 ;	spi.c:22: }
      00000E 22               [24]  515 	ret
                                    516 ;------------------------------------------------------------
                                    517 ;Allocation info for local variables in function 'SPI_WriteByte'
                                    518 ;------------------------------------------------------------
                                    519 ;data                      Allocated with name '_SPI_WriteByte_data_10000_84'
                                    520 ;------------------------------------------------------------
                                    521 ;	spi.c:24: void SPI_WriteByte(uint8_t data) {
                                    522 ;	-----------------------------------------
                                    523 ;	 function SPI_WriteByte
                                    524 ;	-----------------------------------------
      00000F                        525 _SPI_WriteByte:
      00000F E5 82            [12]  526 	mov	a,dpl
      000011 90r00r00         [24]  527 	mov	dptr,#_SPI_WriteByte_data_10000_84
      000014 F0               [24]  528 	movx	@dptr,a
                                    529 ;	spi.c:25: SPDAT = data;           // Config + MSB of data
      000015 E0               [24]  530 	movx	a,@dptr
      000016 F5 C5            [12]  531 	mov	_SPDAT,a
                                    532 ;	spi.c:27: while (!(SPSTA & 0x80));
      000018                        533 00101$:
      000018 E5 C4            [12]  534 	mov	a,_SPSTA
      00001A 30 E7 FB         [24]  535 	jnb	acc.7,00101$
                                    536 ;	spi.c:28: }
      00001D 22               [24]  537 	ret
                                    538 ;------------------------------------------------------------
                                    539 ;Allocation info for local variables in function 'SPI_ReadByte'
                                    540 ;------------------------------------------------------------
                                    541 ;received_data             Allocated with name '_SPI_ReadByte_received_data_10000_87'
                                    542 ;------------------------------------------------------------
                                    543 ;	spi.c:30: uint8_t SPI_ReadByte(void) {
                                    544 ;	-----------------------------------------
                                    545 ;	 function SPI_ReadByte
                                    546 ;	-----------------------------------------
      00001E                        547 _SPI_ReadByte:
                                    548 ;	spi.c:33: SPDAT = 0xFF;
      00001E 75 C5 FF         [24]  549 	mov	_SPDAT,#0xff
                                    550 ;	spi.c:35: while (!(SPSTA & 0x80));
      000021                        551 00101$:
      000021 E5 C4            [12]  552 	mov	a,_SPSTA
      000023 30 E7 FB         [24]  553 	jnb	acc.7,00101$
                                    554 ;	spi.c:36: received_data = SPDAT;
      000026 90r00r01         [24]  555 	mov	dptr,#_SPI_ReadByte_received_data_10000_87
      000029 E5 C5            [12]  556 	mov	a,_SPDAT
      00002B F0               [24]  557 	movx	@dptr,a
                                    558 ;	spi.c:37: return received_data;
      00002C E0               [24]  559 	movx	a,@dptr
                                    560 ;	spi.c:38: }
      00002D F5 82            [12]  561 	mov	dpl,a
      00002F 22               [24]  562 	ret
                                    563 	.area CSEG    (CODE)
                                    564 	.area CONST   (CODE)
                                    565 	.area XINIT   (CODE)
                                    566 	.area CABS    (ABS,CODE)
